[2023-07-17 04:06:41] production.ERROR: SQLSTATE[HY000] [1045] Access denied for user 'forge'@'localhost' (using password: YES) (SQL: select * from information_schema.tables where table_schema = forge and table_name = tbl_teams and table_type = 'BASE TABLE') {"exception":"[object] (Illuminate\\Database\\QueryException(code: 1045): SQLSTATE[HY000] [1045] Access denied for user 'forge'@'localhost' (using password: YES) (SQL: select * from information_schema.tables where table_schema = forge and table_name = tbl_teams and table_type = 'BASE TABLE') at /Users/user/Documents/Projects/aimi-group/aimi-crm-bidflow/server/vendor/laravel/framework/src/Illuminate/Database/Connection.php:760)
[stacktrace]
#0 /Users/user/Documents/Projects/aimi-group/aimi-crm-bidflow/server/vendor/laravel/framework/src/Illuminate/Database/Connection.php(720): Illuminate\\Database\\Connection->runQueryCallback('select * from i...', Array, Object(Closure))
#1 /Users/user/Documents/Projects/aimi-group/aimi-crm-bidflow/server/vendor/laravel/framework/src/Illuminate/Database/Connection.php(422): Illuminate\\Database\\Connection->run('select * from i...', Array, Object(Closure))
#2 /Users/user/Documents/Projects/aimi-group/aimi-crm-bidflow/server/vendor/laravel/framework/src/Illuminate/Database/Connection.php(392): Illuminate\\Database\\Connection->select('select * from i...', Array, false)
#3 /Users/user/Documents/Projects/aimi-group/aimi-crm-bidflow/server/vendor/laravel/framework/src/Illuminate/Database/Schema/MySqlBuilder.php(44): Illuminate\\Database\\Connection->selectFromWriteConnection('select * from i...', Array)
#4 /Users/user/Documents/Projects/aimi-group/aimi-crm-bidflow/server/vendor/laravel/framework/src/Illuminate/Support/Facades/Facade.php(338): Illuminate\\Database\\Schema\\MySqlBuilder->hasTable('tbl_teams')
#5 /Users/user/Documents/Projects/aimi-group/aimi-crm-bidflow/server/app/Providers/AppServiceProvider.php(48): Illuminate\\Support\\Facades\\Facade::__callStatic('hasTable', Array)
#6 /Users/user/Documents/Projects/aimi-group/aimi-crm-bidflow/server/vendor/laravel/framework/src/Illuminate/Container/BoundMethod.php(36): App\\Providers\\AppServiceProvider->boot(Object(Illuminate\\Auth\\SessionGuard))
#7 /Users/user/Documents/Projects/aimi-group/aimi-crm-bidflow/server/vendor/laravel/framework/src/Illuminate/Container/Util.php(41): Illuminate\\Container\\BoundMethod::Illuminate\\Container\\{closure}()
#8 /Users/user/Documents/Projects/aimi-group/aimi-crm-bidflow/server/vendor/laravel/framework/src/Illuminate/Container/BoundMethod.php(93): Illuminate\\Container\\Util::unwrapIfClosure(Object(Closure))
#9 /Users/user/Documents/Projects/aimi-group/aimi-crm-bidflow/server/vendor/laravel/framework/src/Illuminate/Container/BoundMethod.php(37): Illuminate\\Container\\BoundMethod::callBoundMethod(Object(Illuminate\\Foundation\\Application), Array, Object(Closure))
#10 /Users/user/Documents/Projects/aimi-group/aimi-crm-bidflow/server/vendor/laravel/framework/src/Illuminate/Container/Container.php(663): Illuminate\\Container\\BoundMethod::call(Object(Illuminate\\Foundation\\Application), Array, Array, NULL)
#11 /Users/user/Documents/Projects/aimi-group/aimi-crm-bidflow/server/vendor/laravel/framework/src/Illuminate/Foundation/Application.php(933): Illuminate\\Container\\Container->call(Array)
#12 /Users/user/Documents/Projects/aimi-group/aimi-crm-bidflow/server/vendor/laravel/framework/src/Illuminate/Foundation/Application.php(914): Illuminate\\Foundation\\Application->bootProvider(Object(App\\Providers\\AppServiceProvider))
#13 [internal function]: Illuminate\\Foundation\\Application->Illuminate\\Foundation\\{closure}(Object(App\\Providers\\AppServiceProvider), 36)
#14 /Users/user/Documents/Projects/aimi-group/aimi-crm-bidflow/server/vendor/laravel/framework/src/Illuminate/Foundation/Application.php(915): array_walk(Array, Object(Closure))
#15 /Users/user/Documents/Projects/aimi-group/aimi-crm-bidflow/server/vendor/laravel/framework/src/Illuminate/Foundation/Bootstrap/BootProviders.php(17): Illuminate\\Foundation\\Application->boot()
#16 /Users/user/Documents/Projects/aimi-group/aimi-crm-bidflow/server/vendor/laravel/framework/src/Illuminate/Foundation/Application.php(242): Illuminate\\Foundation\\Bootstrap\\BootProviders->bootstrap(Object(Illuminate\\Foundation\\Application))
#17 /Users/user/Documents/Projects/aimi-group/aimi-crm-bidflow/server/vendor/laravel/framework/src/Illuminate/Foundation/Console/Kernel.php(383): Illuminate\\Foundation\\Application->bootstrapWith(Array)
#18 /Users/user/Documents/Projects/aimi-group/aimi-crm-bidflow/server/vendor/laravel/framework/src/Illuminate/Foundation/Console/Kernel.php(153): Illuminate\\Foundation\\Console\\Kernel->bootstrap()
#19 /Users/user/Documents/Projects/aimi-group/aimi-crm-bidflow/server/artisan(37): Illuminate\\Foundation\\Console\\Kernel->handle(Object(Symfony\\Component\\Console\\Input\\ArgvInput), Object(Symfony\\Component\\Console\\Output\\ConsoleOutput))
#20 {main}

[previous exception] [object] (PDOException(code: 1045): SQLSTATE[HY000] [1045] Access denied for user 'forge'@'localhost' (using password: YES) at /Users/user/Documents/Projects/aimi-group/aimi-crm-bidflow/server/vendor/laravel/framework/src/Illuminate/Database/Connectors/Connector.php:70)
[stacktrace]
#0 /Users/user/Documents/Projects/aimi-group/aimi-crm-bidflow/server/vendor/laravel/framework/src/Illuminate/Database/Connectors/Connector.php(70): PDO->__construct('mysql:host=127....', 'forge', '', Array)
#1 /Users/user/Documents/Projects/aimi-group/aimi-crm-bidflow/server/vendor/laravel/framework/src/Illuminate/Database/Connectors/Connector.php(46): Illuminate\\Database\\Connectors\\Connector->createPdoConnection('mysql:host=127....', 'forge', '', Array)
#2 /Users/user/Documents/Projects/aimi-group/aimi-crm-bidflow/server/vendor/laravel/framework/src/Illuminate/Database/Connectors/MySqlConnector.php(24): Illuminate\\Database\\Connectors\\Connector->createConnection('mysql:host=127....', Array, Array)
#3 /Users/user/Documents/Projects/aimi-group/aimi-crm-bidflow/server/vendor/laravel/framework/src/Illuminate/Database/Connectors/ConnectionFactory.php(184): Illuminate\\Database\\Connectors\\MySqlConnector->connect(Array)
#4 [internal function]: Illuminate\\Database\\Connectors\\ConnectionFactory->Illuminate\\Database\\Connectors\\{closure}()
#5 /Users/user/Documents/Projects/aimi-group/aimi-crm-bidflow/server/vendor/laravel/framework/src/Illuminate/Database/Connection.php(1181): call_user_func(Object(Closure))
#6 /Users/user/Documents/Projects/aimi-group/aimi-crm-bidflow/server/vendor/laravel/framework/src/Illuminate/Database/Connection.php(486): Illuminate\\Database\\Connection->getPdo()
#7 /Users/user/Documents/Projects/aimi-group/aimi-crm-bidflow/server/vendor/laravel/framework/src/Illuminate/Database/Connection.php(414): Illuminate\\Database\\Connection->getPdoForSelect(false)
#8 /Users/user/Documents/Projects/aimi-group/aimi-crm-bidflow/server/vendor/laravel/framework/src/Illuminate/Database/Connection.php(753): Illuminate\\Database\\Connection->Illuminate\\Database\\{closure}('select * from i...', Array)
#9 /Users/user/Documents/Projects/aimi-group/aimi-crm-bidflow/server/vendor/laravel/framework/src/Illuminate/Database/Connection.php(720): Illuminate\\Database\\Connection->runQueryCallback('select * from i...', Array, Object(Closure))
#10 /Users/user/Documents/Projects/aimi-group/aimi-crm-bidflow/server/vendor/laravel/framework/src/Illuminate/Database/Connection.php(422): Illuminate\\Database\\Connection->run('select * from i...', Array, Object(Closure))
#11 /Users/user/Documents/Projects/aimi-group/aimi-crm-bidflow/server/vendor/laravel/framework/src/Illuminate/Database/Connection.php(392): Illuminate\\Database\\Connection->select('select * from i...', Array, false)
#12 /Users/user/Documents/Projects/aimi-group/aimi-crm-bidflow/server/vendor/laravel/framework/src/Illuminate/Database/Schema/MySqlBuilder.php(44): Illuminate\\Database\\Connection->selectFromWriteConnection('select * from i...', Array)
#13 /Users/user/Documents/Projects/aimi-group/aimi-crm-bidflow/server/vendor/laravel/framework/src/Illuminate/Support/Facades/Facade.php(338): Illuminate\\Database\\Schema\\MySqlBuilder->hasTable('tbl_teams')
#14 /Users/user/Documents/Projects/aimi-group/aimi-crm-bidflow/server/app/Providers/AppServiceProvider.php(48): Illuminate\\Support\\Facades\\Facade::__callStatic('hasTable', Array)
#15 /Users/user/Documents/Projects/aimi-group/aimi-crm-bidflow/server/vendor/laravel/framework/src/Illuminate/Container/BoundMethod.php(36): App\\Providers\\AppServiceProvider->boot(Object(Illuminate\\Auth\\SessionGuard))
#16 /Users/user/Documents/Projects/aimi-group/aimi-crm-bidflow/server/vendor/laravel/framework/src/Illuminate/Container/Util.php(41): Illuminate\\Container\\BoundMethod::Illuminate\\Container\\{closure}()
#17 /Users/user/Documents/Projects/aimi-group/aimi-crm-bidflow/server/vendor/laravel/framework/src/Illuminate/Container/BoundMethod.php(93): Illuminate\\Container\\Util::unwrapIfClosure(Object(Closure))
#18 /Users/user/Documents/Projects/aimi-group/aimi-crm-bidflow/server/vendor/laravel/framework/src/Illuminate/Container/BoundMethod.php(37): Illuminate\\Container\\BoundMethod::callBoundMethod(Object(Illuminate\\Foundation\\Application), Array, Object(Closure))
#19 /Users/user/Documents/Projects/aimi-group/aimi-crm-bidflow/server/vendor/laravel/framework/src/Illuminate/Container/Container.php(663): Illuminate\\Container\\BoundMethod::call(Object(Illuminate\\Foundation\\Application), Array, Array, NULL)
#20 /Users/user/Documents/Projects/aimi-group/aimi-crm-bidflow/server/vendor/laravel/framework/src/Illuminate/Foundation/Application.php(933): Illuminate\\Container\\Container->call(Array)
#21 /Users/user/Documents/Projects/aimi-group/aimi-crm-bidflow/server/vendor/laravel/framework/src/Illuminate/Foundation/Application.php(914): Illuminate\\Foundation\\Application->bootProvider(Object(App\\Providers\\AppServiceProvider))
#22 [internal function]: Illuminate\\Foundation\\Application->Illuminate\\Foundation\\{closure}(Object(App\\Providers\\AppServiceProvider), 36)
#23 /Users/user/Documents/Projects/aimi-group/aimi-crm-bidflow/server/vendor/laravel/framework/src/Illuminate/Foundation/Application.php(915): array_walk(Array, Object(Closure))
#24 /Users/user/Documents/Projects/aimi-group/aimi-crm-bidflow/server/vendor/laravel/framework/src/Illuminate/Foundation/Bootstrap/BootProviders.php(17): Illuminate\\Foundation\\Application->boot()
#25 /Users/user/Documents/Projects/aimi-group/aimi-crm-bidflow/server/vendor/laravel/framework/src/Illuminate/Foundation/Application.php(242): Illuminate\\Foundation\\Bootstrap\\BootProviders->bootstrap(Object(Illuminate\\Foundation\\Application))
#26 /Users/user/Documents/Projects/aimi-group/aimi-crm-bidflow/server/vendor/laravel/framework/src/Illuminate/Foundation/Console/Kernel.php(383): Illuminate\\Foundation\\Application->bootstrapWith(Array)
#27 /Users/user/Documents/Projects/aimi-group/aimi-crm-bidflow/server/vendor/laravel/framework/src/Illuminate/Foundation/Console/Kernel.php(153): Illuminate\\Foundation\\Console\\Kernel->bootstrap()
#28 /Users/user/Documents/Projects/aimi-group/aimi-crm-bidflow/server/artisan(37): Illuminate\\Foundation\\Console\\Kernel->handle(Object(Symfony\\Component\\Console\\Input\\ArgvInput), Object(Symfony\\Component\\Console\\Output\\ConsoleOutput))
#29 {main}
"} 
